<?xml version="1.0" encoding="UTF-8"?>
<!-- Generated by org.testng.reporters.JUnitReportReporter -->
<testsuite hostname="DESKTOP-RL4UTJR" name="testCases.HompageTest" tests="5" failures="0" timestamp="6 Feb 2022 13:10:52 GMT" time="43.459" errors="0">
  <testcase name="verifyContactLinkTest" time="8.732" classname="testCases.HompageTest"/>
  <testcase name="verifyCompanyLinkTest" time="9.251" classname="testCases.HompageTest"/>
  <testcase name="verifyHomepageTitleTest" time="7.724" classname="testCases.HompageTest"/>
  <testcase name="verifyDealsLinkTest" time="8.948" classname="testCases.HompageTest"/>
  <testcase name="userNameTitleTest" time="8.804" classname="testCases.HompageTest"/>
</testsuite> <!-- testCases.HompageTest -->
