<?xml version="1.0" encoding="UTF-8"?>
<!-- Generated by org.testng.reporters.JUnitReportReporter -->
<testsuite hostname="DESKTOP-RL4UTJR" name="testCases.LoginTest" tests="2" failures="0" timestamp="6 Feb 2022 13:10:52 GMT" time="14.282" errors="0">
  <testcase name="loginTest" time="7.490" classname="testCases.LoginTest"/>
  <testcase name="LoginTitleTest" time="6.792" classname="testCases.LoginTest"/>
</testsuite> <!-- testCases.LoginTest -->
