<?xml version="1.0" encoding="UTF-8"?>
<!-- Generated by org.testng.reporters.JUnitReportReporter -->
<testsuite hostname="MSDT011" failures="0" tests="3" name="tests.LoginPageTest" time="6.939" errors="0" timestamp="2022-03-04T18:34:55 IST" skipped="0">
  <testcase classname="tests.LoginPageTest" name="verifyForgetPassLink" time="1.565"/>
  <system-out/>
  <testcase classname="tests.LoginPageTest" name="verifyLoginPage" time="5.367"/>
  <system-out/>
  <testcase classname="tests.LoginPageTest" name="verifyLoginPageTitle" time="0.007"/>
  <system-out/>
</testsuite> <!-- tests.LoginPageTest -->
