<?xml version="1.0" encoding="UTF-8"?>
<!-- Generated by org.testng.reporters.JUnitReportReporter -->
<testsuite hostname="MSDT011" failures="0" tests="2" name="tests.AccountPageTest" time="8.849" errors="0" timestamp="2022-03-04T18:34:55 IST" skipped="0">
  <testcase classname="tests.AccountPageTest" name="verifyLoginPage" time="5.155"/>
  <system-out/>
  <testcase classname="tests.AccountPageTest" name="verifyEnterPIN" time="3.694"/>
  <system-out/>
</testsuite> <!-- tests.AccountPageTest -->
