<?xml version="1.0" encoding="UTF-8"?>
<!-- Generated by org.testng.reporters.JUnitReportReporter -->
<testsuite skipped="0" hostname="DESKTOP-RL4UTJR" name="API.RestAssuredapi" tests="1" failures="0" timestamp="17 Feb 2022 05:10:32 GMT" time="7.915" errors="0">
  <testcase name="enterDataExcel" time="7.915" classname="API.RestAssuredapi"/>
</testsuite> <!-- API.RestAssuredapi -->
