<?xml version="1.0" encoding="UTF-8"?>
<!-- Generated by org.testng.reporters.JUnitReportReporter -->
<testsuite hostname="MSDT011" failures="0" tests="1" name="Assignment.Assignment31" time="15.719" errors="0" timestamp="2022-01-31T18:54:06 IST" skipped="0">
  <testcase classname="Assignment.Assignment31" name="launch" time="15.719"/>
  <system-out/>
</testsuite> <!-- Assignment.Assignment31 -->
