<?xml version="1.0" encoding="UTF-8"?>
<!-- Generated by org.testng.reporters.JUnitReportReporter -->
<testsuite hostname="MSDT011" failures="0" tests="1" name="SeleniumWorkss.TestNgPractices" time="0.010" errors="0" timestamp="2022-01-31T20:55:46 IST" skipped="0">
  <testcase classname="SeleniumWorkss.TestNgPractices" name="test" time="0.010"/>
  <system-out/>
</testsuite> <!-- SeleniumWorkss.TestNgPractices -->
